[07Dec2024 00:01:40.663] [Server thread/INFO] [net.minecraft.server.MinecraftServer/]: [Gondar_80: Teleported Gondar_80 to -685.500000, 80.500000, 1869.500000]
[07Dec2024 00:03:00.881] [Server thread/INFO] [net.minecraft.server.MinecraftServer/]: [Gondar_80: Teleported Gondar_80 to -685.500000, 80.500000, 1869.500000]
[07Dec2024 00:03:33.624] [Server thread/INFO] [net.minecraft.world.entity.LivingEntity/]: Named entity PriestEntity['Valentine'/18432, l='ServerLevel[world]', x=-665.25, y=68.36, z=1850.79] died: Valentine tried to swim in lava
[07Dec2024 00:04:10.759] [Server thread/WARN] [net.minecraft.server.level.ServerPlayerGameMode/]: Mismatch in destroy block pos: BlockPos{x=-688, y=-4, z=1865} BlockPos{x=-617, y=120, z=1989}
[07Dec2024 00:04:10.812] [Server thread/WARN] [net.minecraft.server.level.ServerPlayerGameMode/]: Mismatch in destroy block pos: BlockPos{x=-688, y=-4, z=1865} BlockPos{x=-617, y=119, z=1989}
[07Dec2024 00:04:23.604] [Server thread/WARN] [net.minecraft.server.level.ServerPlayerGameMode/]: Mismatch in destroy block pos: BlockPos{x=-617, y=88, z=1989} BlockPos{x=-617, y=87, z=1989}
[07Dec2024 00:04:23.657] [Server thread/WARN] [net.minecraft.server.level.ServerPlayerGameMode/]: Mismatch in destroy block pos: BlockPos{x=-617, y=86, z=1989} BlockPos{x=-617, y=87, z=1989}
[07Dec2024 00:04:47.360] [Server thread/WARN] [net.minecraft.server.level.ServerPlayerGameMode/]: Mismatch in destroy block pos: BlockPos{x=-617, y=54, z=1989} BlockPos{x=-617, y=42, z=1989}
[07Dec2024 00:05:53.158] [Server thread/INFO] [net.minecraft.server.MinecraftServer/]: <Pepishikita21> ya, volvi
[07Dec2024 00:05:54.185] [Server thread/INFO] [net.minecraft.server.MinecraftServer/]: <Pepishikita21> a
[07Dec2024 00:05:57.683] [Server thread/INFO] [net.minecraft.server.MinecraftServer/]: <Pepishikita21> tas bien?
[07Dec2024 00:06:00.008] [Server thread/INFO] [net.minecraft.server.MinecraftServer/]: [Pepishikita21: Teleported Pepishikita21 to Gondar_80]
[07Dec2024 00:06:11.331] [Server thread/INFO] [net.minecraft.server.MinecraftServer/]: <Pepishikita21> a
[07Dec2024 00:06:20.134] [Server thread/INFO] [net.minecraft.server.MinecraftServer/]: Pepishikita21 burned to death
[07Dec2024 00:06:22.883] [Server thread/INFO] [net.minecraft.server.MinecraftServer/]: Gondar_80 was slain by Fire Dragon
[07Dec2024 00:06:29.813] [Server thread/INFO] [net.minecraft.server.MinecraftServer/]: [Gondar_80: Teleported Gondar_80 to -624.500000, 8.500000, 1986.500000]
[07Dec2024 00:07:00.966] [Server thread/INFO] [net.minecraft.server.MinecraftServer/]: [Pepishikita21: Teleported Pepishikita21 to -616.500000, 8.500000, 1980.500000]
[07Dec2024 00:07:36.477] [Server thread/INFO] [net.minecraft.server.MinecraftServer/]: <Pepishikita21> why?
[07Dec2024 00:07:42.477] [Server thread/INFO] [net.minecraft.server.MinecraftServer/]: <Pepishikita21> a
[07Dec2024 00:08:37.141] [Server thread/INFO] [net.minecraft.server.MinecraftServer/]: <Pepishikita21> que vas a querer?
[07Dec2024 00:09:36.513] [Server thread/INFO] [net.minecraft.server.MinecraftServer/]: [Gondar_80: Teleported Gondar_80 to -685.500000, 80.500000, 1869.500000]
[07Dec2024 00:09:38.952] [Server thread/WARN] [net.minecraft.server.level.ServerPlayerGameMode/]: Mismatch in destroy block pos: BlockPos{x=-618, y=7, z=1996} BlockPos{x=-687, y=81, z=1869}
[07Dec2024 00:10:31.759] [Server thread/INFO] [net.minecraft.server.MinecraftServer/]: [Pepishikita21: Teleported Pepishikita21 to Gondar_80]
[07Dec2024 00:11:00.556] [Server thread/INFO] [net.minecraft.server.MinecraftServer/]: <Pepishikita21> pa donde te juite?
[07Dec2024 00:11:06.879] [Server thread/INFO] [net.minecraft.server.MinecraftServer/]: [Pepishikita21: Teleported Pepishikita21 to Gondar_80]
[07Dec2024 00:11:16.896] [Server thread/WARN] [net.minecraft.server.level.ServerPlayerGameMode/]: Mismatch in destroy block pos: BlockPos{x=-537, y=120, z=2170} BlockPos{x=-537, y=119, z=2170}
[07Dec2024 00:12:12.140] [Server thread/INFO] [net.minecraft.server.MinecraftServer/]: <Pepishikita21> ya?
[07Dec2024 00:12:41.398] [Server thread/INFO] [net.minecraft.server.MinecraftServer/]: [Pepishikita21: Teleported Pepishikita21 to Gondar_80]
[07Dec2024 00:13:09.831] [Server thread/INFO] [net.minecraft.server.MinecraftServer/]: <Pepishikita21> oteis
[07Dec2024 00:13:13.425] [Server thread/INFO] [net.minecraft.server.MinecraftServer/]: <Pepishikita21> no, pero demole
[07Dec2024 00:14:05.076] [Server thread/INFO] [net.minecraft.server.MinecraftServer/]: <Pepishikita21> fi
[07Dec2024 00:14:11.001] [Server thread/INFO] [net.minecraft.server.MinecraftServer/]: <Pepishikita21> cafe
[07Dec2024 00:14:23.337] [Server thread/INFO] [net.minecraft.server.MinecraftServer/]: <Pepishikita21> bueno, cobre
[07Dec2024 00:14:34.211] [Server thread/INFO] [net.minecraft.server.MinecraftServer/]: [Gondar_80: Teleported Gondar_80 to -535.500000, 126.500000, 2172.500000]
[07Dec2024 00:14:39.391] [Server thread/INFO] [net.minecraft.server.MinecraftServer/]: <Pepishikita21> arriba creo que hay uno
[07Dec2024 00:14:48.433] [Server thread/INFO] [net.minecraft.server.MinecraftServer/]: <Pepishikita21> gragon
[07Dec2024 00:15:14.080] [Server thread/INFO] [net.minecraft.server.MinecraftServer/]: [Not Secure] [Server] o
[07Dec2024 00:15:16.977] [Server thread/INFO] [net.minecraft.server.MinecraftServer/]: [Pepishikita21: Teleported Pepishikita21 to Gondar_80]
[07Dec2024 00:15:21.981] [Server thread/INFO] [net.minecraft.server.MinecraftServer/]: <Pepishikita21> para alla
[07Dec2024 00:15:36.426] [Server thread/INFO] [net.minecraft.server.MinecraftServer/]: <Pepishikita21> pera, me perdi
[07Dec2024 00:15:54.700] [Server thread/INFO] [net.minecraft.server.MinecraftServer/]: <Pepishikita21> Si, pa alla
[07Dec2024 00:15:59.076] [Server thread/INFO] [net.minecraft.server.MinecraftServer/]: <Pepishikita21> pero no estoy segura
[07Dec2024 00:16:00.702] [Server thread/INFO] [net.minecraft.server.MinecraftServer/]: <Pepishikita21> fi
[07Dec2024 00:16:08.854] [Server thread/INFO] [net.minecraft.server.MinecraftServer/]: <Pepishikita21> 14
[07Dec2024 00:17:42.035] [Server thread/INFO] [net.minecraft.server.MinecraftServer/]: <Pepishikita21> pos no habia nada
[07Dec2024 00:19:23.335] [Server thread/WARN] [net.minecraft.server.level.ServerPlayerGameMode/]: Mismatch in destroy block pos: BlockPos{x=-444, y=156, z=2044} BlockPos{x=-602, y=126, z=2141}
[07Dec2024 00:19:42.044] [Server thread/INFO] [net.minecraft.server.MinecraftServer/]: [Pepishikita21: Teleported Pepishikita21 to Gondar_80]
[07Dec2024 00:19:42.226] [Worker-Main-52/WARN] [net.minecraft.server.level.WorldGenRegion/]: Tried to access a block entity before it was created. BlockPos{x=-617, y=-37, z=2464}
[07Dec2024 00:19:47.983] [Server thread/INFO] [net.minecraft.server.MinecraftServer/]: Unknown or incomplete command, see below for error
[07Dec2024 00:19:47.984] [Server thread/INFO] [net.minecraft.server.MinecraftServer/]: Say cómo les explico...<--[HERE]
[07Dec2024 00:20:02.992] [Server thread/WARN] [net.minecraft.server.network.ServerGamePacketListenerImpl/]: Gondar_80 moved too quickly! -8.833624660751411,-0.006695440113546169,5.654417033793379
[07Dec2024 00:20:03.885] [Server thread/INFO] [net.minecraft.server.MinecraftServer/]: [Not Secure] [Server] cómo les explico...
[07Dec2024 00:20:03.913] [Server thread/ERROR] [net.minecraft.Util/]: POI data mismatch: already registered at BlockPos{x=-808, y=-15, z=2504}
[07Dec2024 00:20:12.608] [Server thread/ERROR] [net.minecraft.Util/]: POI data mismatch: already registered at BlockPos{x=-681, y=-11, z=2539}
[07Dec2024 00:20:12.609] [Server thread/ERROR] [net.minecraft.Util/]: POI data mismatch: already registered at BlockPos{x=-680, y=-11, z=2539}
[07Dec2024 00:20:20.865] [Server thread/ERROR] [net.minecraft.Util/]: POI data mismatch: already registered at BlockPos{x=-954, y=6, z=2115}
[07Dec2024 00:20:32.268] [Server thread/ERROR] [net.minecraft.Util/]: POI data mismatch: already registered at BlockPos{x=-923, y=30, z=2058}
[07Dec2024 00:20:42.327] [Worker-Main-50/ERROR] [net.minecraft.world.entity.decoration.HangingEntity/]: Hanging entity at invalid position: BlockPos{x=-12, y=-58, z=14}
[07Dec2024 00:20:47.724] [Server thread/INFO] [net.minecraft.server.MinecraftServer/]: [Not Secure] [Server] me fui a buscar algo a la habitación y me acosté un ratito va, y caí en un sueño profundo
[07Dec2024 00:20:56.194] [Server thread/INFO] [net.minecraft.server.MinecraftServer/]: <Pepishikita21> si fui
[07Dec2024 00:21:17.745] [Server thread/INFO] [net.minecraft.server.MinecraftServer/]: [Not Secure] [Server] me fui un ratote no?
[07Dec2024 00:21:30.138] [Server thread/INFO] [net.minecraft.server.MinecraftServer/]: [Pepishikita21: Teleported Pepishikita21 to Gondar_80]
[07Dec2024 00:21:43.380] [Server thread/INFO] [net.minecraft.server.MinecraftServer/]: [Not Secure] [Server] a pos no fue tanto como sentí
[07Dec2024 00:21:50.489] [User Authenticator #5/INFO] [net.minecraft.server.network.ServerLoginPacketListenerImpl/]: UUID of player JhynMC is 3f2294df-8b7e-46c2-a4b1-0711298c5e35
[07Dec2024 00:21:52.734] [Server thread/INFO] [net.minecraft.server.MinecraftServer/]: <Pepishikita21> no me la contes
[07Dec2024 00:22:09.668] [Server thread/INFO] [net.minecraft.server.players.PlayerList/]: JhynMC[/127.242.210.13:49467] logged in with entity id 31570 at (-411.4759222872882, 95.0, 1115.51011753158)
[07Dec2024 00:22:09.689] [Server thread/INFO] [net.minecraft.server.MinecraftServer/]: JhynMC joined the game
[07Dec2024 00:22:09.698] [Server thread/INFO] [Jade/]: Syncing config to JhynMC (3f2294df-8b7e-46c2-a4b1-0711298c5e35)
[07Dec2024 00:23:25.931] [Server thread/INFO] [net.minecraft.server.MinecraftServer/]: Gondar_80 has made the advancement [Jennifer Dumped Me]
[07Dec2024 00:23:27.699] [Server thread/INFO] [net.minecraft.server.MinecraftServer/]: <JhynMC> Ocupan ayudan?
[07Dec2024 00:23:29.755] [Server thread/INFO] [net.minecraft.server.MinecraftServer/]: <Pepishikita21> si quiere venir jhyncito
[07Dec2024 00:23:32.248] [Server thread/INFO] [net.minecraft.server.MinecraftServer/]: <Pepishikita21> vengashe
[07Dec2024 00:23:39.650] [Server thread/INFO] [net.minecraft.server.MinecraftServer/]: <JhynMC> IGHHH FOLIIAAHT
[07Dec2024 00:24:11.995] [Server thread/INFO] [net.minecraft.server.MinecraftServer/]: [JhynMC: Teleported JhynMC to Pepishikita21]
[07Dec2024 00:24:14.935] [Server thread/INFO] [net.minecraft.server.MinecraftServer/]: <Pepishikita21> yt
[07Dec2024 00:24:37.682] [Server thread/INFO] [net.minecraft.server.MinecraftServer/]: JhynMC has made the advancement [Is It a Bird?]
[07Dec2024 00:24:47.184] [Server thread/INFO] [net.minecraft.server.MinecraftServer/]: Pepishikita21 has made the advancement [Is It a Bird?]
[07Dec2024 00:24:55.731] [Server thread/INFO] [net.minecraft.server.MinecraftServer/]: <JhynMC> a
[07Dec2024 00:25:33.031] [Server thread/INFO] [net.minecraft.server.MinecraftServer/]: <JhynMC> Uy ve esto de va a quemar
[07Dec2024 00:25:36.620] [Server thread/INFO] [net.minecraft.server.MinecraftServer/]: [Pepishikita21: Teleported Pepishikita21 to -382.500000, 84.500000, 1162.500000]
[07Dec2024 00:25:42.805] [Server thread/INFO] [net.minecraft.server.MinecraftServer/]: <JhynMC> Morado, negro azul
[07Dec2024 00:25:47.703] [Server thread/INFO] [net.minecraft.server.MinecraftServer/]: <JhynMC> Cuando salga el cerbero
[07Dec2024 00:25:53.059] [Server thread/INFO] [net.minecraft.server.MinecraftServer/]: <JhynMC> da igual xD
[07Dec2024 00:26:00.605] [Server thread/INFO] [net.minecraft.server.MinecraftServer/]: [Pepishikita21: Teleported Pepishikita21 to JhynMC]
[07Dec2024 00:26:54.746] [Server thread/INFO] [net.minecraft.server.MinecraftServer/]: <JhynMC> Ya es la 5?
